{"/Users/kei/work/todo/src/models/db.js": {"path":"/Users/kei/work/todo/src/models/db.js","statementMap":{"0":{"start":{"line":1,"column":17},"end":{"line":1,"column":30}},"1":{"start":{"line":2,"column":0},"end":{"line":2,"column":27}},"2":{"start":{"line":4,"column":13},"end":{"line":6,"column":2}},"3":{"start":{"line":8,"column":0},"end":{"line":11,"column":2}},"4":{"start":{"line":9,"column":27},"end":{"line":9,"column":51}}},"fnMap":{"0":{"name":"(anonymous_0)","decl":{"start":{"line":9,"column":9},"end":{"line":9,"column":10}},"loc":{"start":{"line":9,"column":27},"end":{"line":9,"column":51}},"line":9}},"branchMap":{},"s":{"0":2,"1":2,"2":2,"3":2,"4":0},"f":{"0":0},"b":{},"_coverageSchema":"1a1c01bbd47fc00a2c39e90264f33305004495a9","hash":"62eb903b69b60710116c1555bebb829596fdc393"}
,"/Users/kei/work/todo/src/models/subtask.js": {"path":"/Users/kei/work/todo/src/models/subtask.js","statementMap":{"0":{"start":{"line":1,"column":11},"end":{"line":1,"column":26}},"1":{"start":{"line":5,"column":18},"end":{"line":9,"column":5}},"2":{"start":{"line":10,"column":19},"end":{"line":10,"column":36}},"3":{"start":{"line":11,"column":19},"end":{"line":11,"column":48}},"4":{"start":{"line":12,"column":4},"end":{"line":12,"column":26}},"5":{"start":{"line":16,"column":18},"end":{"line":21,"column":5}},"6":{"start":{"line":22,"column":19},"end":{"line":22,"column":50}},"7":{"start":{"line":23,"column":4},"end":{"line":23,"column":23}},"8":{"start":{"line":27,"column":18},"end":{"line":34,"column":5}},"9":{"start":{"line":35,"column":19},"end":{"line":35,"column":45}},"10":{"start":{"line":36,"column":19},"end":{"line":36,"column":48}},"11":{"start":{"line":37,"column":4},"end":{"line":37,"column":26}},"12":{"start":{"line":41,"column":18},"end":{"line":45,"column":5}},"13":{"start":{"line":46,"column":19},"end":{"line":46,"column":46}},"14":{"start":{"line":47,"column":4},"end":{"line":47,"column":26}},"15":{"start":{"line":51,"column":18},"end":{"line":57,"column":5}},"16":{"start":{"line":58,"column":19},"end":{"line":58,"column":46}},"17":{"start":{"line":59,"column":4},"end":{"line":59,"column":26}},"18":{"start":{"line":63,"column":0},"end":{"line":63,"column":25}}},"fnMap":{"0":{"name":"(anonymous_0)","decl":{"start":{"line":4,"column":2},"end":{"line":4,"column":3}},"loc":{"start":{"line":4,"column":43},"end":{"line":13,"column":3}},"line":4},"1":{"name":"(anonymous_1)","decl":{"start":{"line":15,"column":2},"end":{"line":15,"column":3}},"loc":{"start":{"line":15,"column":36},"end":{"line":24,"column":3}},"line":15},"2":{"name":"(anonymous_2)","decl":{"start":{"line":26,"column":2},"end":{"line":26,"column":3}},"loc":{"start":{"line":26,"column":52},"end":{"line":38,"column":3}},"line":26},"3":{"name":"(anonymous_3)","decl":{"start":{"line":40,"column":2},"end":{"line":40,"column":3}},"loc":{"start":{"line":40,"column":26},"end":{"line":48,"column":3}},"line":40},"4":{"name":"(anonymous_4)","decl":{"start":{"line":50,"column":2},"end":{"line":50,"column":3}},"loc":{"start":{"line":50,"column":34},"end":{"line":60,"column":3}},"line":50}},"branchMap":{},"s":{"0":1,"1":2,"2":2,"3":2,"4":1,"5":1,"6":1,"7":1,"8":1,"9":1,"10":1,"11":1,"12":1,"13":1,"14":1,"15":1,"16":1,"17":1,"18":1},"f":{"0":2,"1":1,"2":1,"3":1,"4":1},"b":{},"_coverageSchema":"1a1c01bbd47fc00a2c39e90264f33305004495a9","hash":"47144513f76963e7d73f4d1125336a400ee7263d"}
,"/Users/kei/work/todo/src/models/task.js": {"path":"/Users/kei/work/todo/src/models/task.js","statementMap":{"0":{"start":{"line":1,"column":11},"end":{"line":1,"column":26}},"1":{"start":{"line":5,"column":18},"end":{"line":9,"column":5}},"2":{"start":{"line":10,"column":19},"end":{"line":10,"column":47}},"3":{"start":{"line":11,"column":19},"end":{"line":11,"column":48}},"4":{"start":{"line":12,"column":4},"end":{"line":12,"column":26}},"5":{"start":{"line":16,"column":18},"end":{"line":25,"column":5}},"6":{"start":{"line":26,"column":19},"end":{"line":26,"column":50}},"7":{"start":{"line":27,"column":4},"end":{"line":27,"column":23}},"8":{"start":{"line":31,"column":18},"end":{"line":38,"column":5}},"9":{"start":{"line":39,"column":19},"end":{"line":39,"column":54}},"10":{"start":{"line":40,"column":4},"end":{"line":40,"column":26}},"11":{"start":{"line":44,"column":18},"end":{"line":52,"column":5}},"12":{"start":{"line":53,"column":19},"end":{"line":53,"column":59}},"13":{"start":{"line":54,"column":19},"end":{"line":54,"column":48}},"14":{"start":{"line":55,"column":4},"end":{"line":55,"column":26}},"15":{"start":{"line":59,"column":18},"end":{"line":63,"column":5}},"16":{"start":{"line":64,"column":19},"end":{"line":64,"column":54}},"17":{"start":{"line":65,"column":4},"end":{"line":65,"column":26}},"18":{"start":{"line":69,"column":0},"end":{"line":69,"column":22}}},"fnMap":{"0":{"name":"(anonymous_0)","decl":{"start":{"line":4,"column":2},"end":{"line":4,"column":3}},"loc":{"start":{"line":4,"column":54},"end":{"line":13,"column":3}},"line":4},"1":{"name":"(anonymous_1)","decl":{"start":{"line":15,"column":2},"end":{"line":15,"column":3}},"loc":{"start":{"line":15,"column":31},"end":{"line":28,"column":3}},"line":15},"2":{"name":"(anonymous_2)","decl":{"start":{"line":30,"column":2},"end":{"line":30,"column":3}},"loc":{"start":{"line":30,"column":36},"end":{"line":41,"column":3}},"line":30},"3":{"name":"(anonymous_3)","decl":{"start":{"line":43,"column":2},"end":{"line":43,"column":3}},"loc":{"start":{"line":43,"column":66},"end":{"line":56,"column":3}},"line":43},"4":{"name":"(anonymous_4)","decl":{"start":{"line":58,"column":2},"end":{"line":58,"column":3}},"loc":{"start":{"line":58,"column":34},"end":{"line":66,"column":3}},"line":58}},"branchMap":{},"s":{"0":1,"1":2,"2":2,"3":2,"4":1,"5":1,"6":1,"7":1,"8":1,"9":1,"10":1,"11":1,"12":1,"13":1,"14":1,"15":1,"16":1,"17":1,"18":1},"f":{"0":2,"1":1,"2":1,"3":1,"4":1},"b":{},"_coverageSchema":"1a1c01bbd47fc00a2c39e90264f33305004495a9","hash":"8901f4f17ea654cddfb32bb9cc6d9284f3dc1a89"}
}
