TN:
SF:src/models/db.js
FN:9,(anonymous_0)
FNF:1
FNH:0
FNDA:0,(anonymous_0)
DA:1,2
DA:2,2
DA:4,2
DA:8,2
DA:9,0
LF:5
LH:4
BRF:0
BRH:0
end_of_record
TN:
SF:src/models/subtask.js
FN:4,(anonymous_0)
FN:15,(anonymous_1)
FN:26,(anonymous_2)
FN:40,(anonymous_3)
FN:50,(anonymous_4)
FNF:5
FNH:5
FNDA:2,(anonymous_0)
FNDA:1,(anonymous_1)
FNDA:1,(anonymous_2)
FNDA:1,(anonymous_3)
FNDA:1,(anonymous_4)
DA:1,1
DA:5,2
DA:10,2
DA:11,2
DA:12,1
DA:16,1
DA:22,1
DA:23,1
DA:27,1
DA:35,1
DA:36,1
DA:37,1
DA:41,1
DA:46,1
DA:47,1
DA:51,1
DA:58,1
DA:59,1
DA:63,1
LF:19
LH:19
BRF:0
BRH:0
end_of_record
TN:
SF:src/models/task.js
FN:4,(anonymous_0)
FN:15,(anonymous_1)
FN:30,(anonymous_2)
FN:43,(anonymous_3)
FN:58,(anonymous_4)
FNF:5
FNH:5
FNDA:2,(anonymous_0)
FNDA:1,(anonymous_1)
FNDA:1,(anonymous_2)
FNDA:1,(anonymous_3)
FNDA:1,(anonymous_4)
DA:1,1
DA:5,2
DA:10,2
DA:11,2
DA:12,1
DA:16,1
DA:26,1
DA:27,1
DA:31,1
DA:39,1
DA:40,1
DA:44,1
DA:53,1
DA:54,1
DA:55,1
DA:59,1
DA:64,1
DA:65,1
DA:69,1
LF:19
LH:19
BRF:0
BRH:0
end_of_record
